Build started 2016/4/26 18:59:24.
     1>Project "D:\cocos2d-x-2.2.2\mini_hammer\mini_hammer\mini_hammer.vcxproj" on node 2 (build target(s)).
     1>InitializeBuildStatus:
         Creating "Debug\mini_hammer.unsuccessfulbuild" because "AlwaysCreate" was specified.
       ClCompile:
         All outputs are up-to-date.
         C:\Program Files (x86)\Microsoft Visual Studio 10.0\VC\bin\CL.exe /c /I./ /I../Common /I../Common/Armory/Goods /I../Common/Armory/Projectiles /I../Common/Armory/Weapons /I../Common/Time /I../Common/AI /I../Common/AI/goals /I../Common/Triggers /I../Common/Game /I../cocos2dx /I"../../cocos2d-x-2.2.2/cocos2dx" /I"../../cocos2d-x-2.2.2/cocos2dx\include" /I"../../cocos2d-x-2.2.2/cocos2dx\kazmath\include" /I"../../cocos2d-x-2.2.2/cocos2dx\platform\win32" /I"../../cocos2d-x-2.2.2/cocos2dx\platform\third_party\win32\OGLES" /ZI /nologo /W3 /WX- /Od /Oy- /D WIN32 /D _WINDOWS /D _DEBUG /D _MBCS /Gm /EHsc /RTC1 /MTd /GS /fp:precise /Zc:wchar_t /Zc:forScope /Fo"Debug\\" /Fd"Debug\vc100.pdb" /Gd /TP /analyze- /errorReport:prompt ..\Common\Game\SteeringBehaviors.cpp
         SteeringBehaviors.cpp
     1>d:\cocos2d-x-2.2.2\cocos2d-x-2.2.2\cocos2dx\cocoa\ccdatavisitor.h(106): warning C4251: 'cocos2d::CCPrettyPrinter::_indentStr' : class 'std::basic_string<_Elem,_Traits,_Ax>' needs to have dll-interface to be used by clients of class 'cocos2d::CCPrettyPrinter'
                 with
                 [
                     _Elem=char,
                     _Traits=std::char_traits<char>,
                     _Ax=std::allocator<char>
                 ]
     1>d:\cocos2d-x-2.2.2\cocos2d-x-2.2.2\cocos2dx\cocoa\ccdatavisitor.h(107): warning C4251: 'cocos2d::CCPrettyPrinter::_result' : class 'std::basic_string<_Elem,_Traits,_Ax>' needs to have dll-interface to be used by clients of class 'cocos2d::CCPrettyPrinter'
                 with
                 [
                     _Elem=char,
                     _Traits=std::char_traits<char>,
                     _Ax=std::allocator<char>
                 ]
     1>d:\cocos2d-x-2.2.2\cocos2d-x-2.2.2\cocos2dx\sprite_nodes\ccspriteframe.h(159): warning C4251: 'cocos2d::CCSpriteFrame::m_strTextureFilename' : class 'std::basic_string<_Elem,_Traits,_Ax>' needs to have dll-interface to be used by clients of class 'cocos2d::CCSpriteFrame'
                 with
                 [
                     _Elem=char,
                     _Traits=std::char_traits<char>,
                     _Ax=std::allocator<char>
                 ]
     1>d:\cocos2d-x-2.2.2\cocos2d-x-2.2.2\cocos2dx\cocoa\ccstring.h(145): warning C4251: 'cocos2d::CCString::m_sString' : class 'std::basic_string<_Elem,_Traits,_Ax>' needs to have dll-interface to be used by clients of class 'cocos2d::CCString'
                 with
                 [
                     _Elem=char,
                     _Traits=std::char_traits<char>,
                     _Ax=std::allocator<char>
                 ]
     1>d:\cocos2d-x-2.2.2\cocos2d-x-2.2.2\cocos2dx\actions\ccactiontween.h(78): warning C4251: 'cocos2d::CCActionTween::m_strKey' : class 'std::basic_string<_Elem,_Traits,_Ax>' needs to have dll-interface to be used by clients of class 'cocos2d::CCActionTween'
                 with
                 [
                     _Elem=char,
                     _Traits=std::char_traits<char>,
                     _Ax=std::allocator<char>
                 ]
     1>d:\cocos2d-x-2.2.2\cocos2d-x-2.2.2\cocos2dx\ccconfiguration.h(142): warning C4251: 'cocos2d::CCConfiguration::s_sConfigfile' : class 'std::basic_string<_Elem,_Traits,_Ax>' needs to have dll-interface to be used by clients of class 'cocos2d::CCConfiguration'
                 with
                 [
                     _Elem=char,
                     _Traits=std::char_traits<char>,
                     _Ax=std::allocator<char>
                 ]
     1>d:\cocos2d-x-2.2.2\cocos2d-x-2.2.2\cocos2dx\label_nodes\cclabelatlas.h(101): warning C4251: 'cocos2d::CCLabelAtlas::m_sString' : class 'std::basic_string<_Elem,_Traits,_Ax>' needs to have dll-interface to be used by clients of class 'cocos2d::CCLabelAtlas'
                 with
                 [
                     _Elem=char,
                     _Traits=std::char_traits<char>,
                     _Ax=std::allocator<char>
                 ]
     1>d:\cocos2d-x-2.2.2\cocos2d-x-2.2.2\cocos2dx\label_nodes\cclabelttf.h(184): warning C4251: 'cocos2d::CCLabelTTF::m_string' : class 'std::basic_string<_Elem,_Traits,_Ax>' needs to have dll-interface to be used by clients of class 'cocos2d::CCLabelTTF'
                 with
                 [
                     _Elem=char,
                     _Traits=std::char_traits<char>,
                     _Ax=std::allocator<char>
                 ]
     1>d:\cocos2d-x-2.2.2\cocos2d-x-2.2.2\cocos2dx\label_nodes\cclabelbmfont.h(122): warning C4251: 'cocos2d::CCBMFontConfiguration::m_sAtlasName' : class 'std::basic_string<_Elem,_Traits,_Ax>' needs to have dll-interface to be used by clients of class 'cocos2d::CCBMFontConfiguration'
                 with
                 [
                     _Elem=char,
                     _Traits=std::char_traits<char>,
                     _Ax=std::allocator<char>
                 ]
     1>d:\cocos2d-x-2.2.2\cocos2d-x-2.2.2\cocos2dx\label_nodes\cclabelbmfont.h(277): warning C4251: 'cocos2d::CCLabelBMFont::m_sFntFile' : class 'std::basic_string<_Elem,_Traits,_Ax>' needs to have dll-interface to be used by clients of class 'cocos2d::CCLabelBMFont'
                 with
                 [
                     _Elem=char,
                     _Traits=std::char_traits<char>,
                     _Ax=std::allocator<char>
                 ]
     1>d:\cocos2d-x-2.2.2\cocos2d-x-2.2.2\cocos2dx\label_nodes\cclabelbmfont.h(281): warning C4251: 'cocos2d::CCLabelBMFont::m_sInitialStringUTF8' : class 'std::basic_string<_Elem,_Traits,_Ax>' needs to have dll-interface to be used by clients of class 'cocos2d::CCLabelBMFont'
                 with
                 [
                     _Elem=char,
                     _Traits=std::char_traits<char>,
                     _Ax=std::allocator<char>
                 ]
     1>d:\cocos2d-x-2.2.2\cocos2d-x-2.2.2\cocos2dx\menu_nodes\ccmenuitem.h(259): warning C4251: 'cocos2d::CCMenuItemFont::m_strFontName' : class 'std::basic_string<_Elem,_Traits,_Ax>' needs to have dll-interface to be used by clients of class 'cocos2d::CCMenuItemFont'
                 with
                 [
                     _Elem=char,
                     _Traits=std::char_traits<char>,
                     _Ax=std::allocator<char>
                 ]
     1>d:\cocos2d-x-2.2.2\cocos2d-x-2.2.2\cocos2dx\particle_nodes\ccparticlesystem.h(178): warning C4251: 'cocos2d::CCParticleSystem::m_sPlistFile' : class 'std::basic_string<_Elem,_Traits,_Ax>' needs to have dll-interface to be used by clients of class 'cocos2d::CCParticleSystem'
                 with
                 [
                     _Elem=char,
                     _Traits=std::char_traits<char>,
                     _Ax=std::allocator<char>
                 ]
     1>d:\cocos2d-x-2.2.2\cocos2d-x-2.2.2\cocos2dx\platform\ccfileutils.h(410): warning C4251: 'cocos2d::CCFileUtils::m_searchResolutionsOrderArray' : class 'std::vector<_Ty>' needs to have dll-interface to be used by clients of class 'cocos2d::CCFileUtils'
                 with
                 [
                     _Ty=std::string
                 ]
     1>d:\cocos2d-x-2.2.2\cocos2d-x-2.2.2\cocos2dx\platform\ccfileutils.h(416): warning C4251: 'cocos2d::CCFileUtils::m_searchPathArray' : class 'std::vector<_Ty>' needs to have dll-interface to be used by clients of class 'cocos2d::CCFileUtils'
                 with
                 [
                     _Ty=std::string
                 ]
     1>d:\cocos2d-x-2.2.2\cocos2d-x-2.2.2\cocos2dx\platform\ccfileutils.h(425): warning C4251: 'cocos2d::CCFileUtils::m_strDefaultResRootPath' : class 'std::basic_string<_Elem,_Traits,_Ax>' needs to have dll-interface to be used by clients of class 'cocos2d::CCFileUtils'
                 with
                 [
                     _Elem=char,
                     _Traits=std::char_traits<char>,
                     _Ax=std::allocator<char>
                 ]
     1>d:\cocos2d-x-2.2.2\cocos2d-x-2.2.2\cocos2dx\platform\ccfileutils.h(431): warning C4251: 'cocos2d::CCFileUtils::m_fullPathCache' : class 'std::map<_Kty,_Ty>' needs to have dll-interface to be used by clients of class 'cocos2d::CCFileUtils'
                 with
                 [
                     _Kty=std::string,
                     _Ty=std::string
                 ]
     1>d:\cocos2d-x-2.2.2\cocos2d-x-2.2.2\cocos2dx\platform\win32\ccapplication.h(65): warning C4251: 'cocos2d::CCApplication::m_resourceRootPath' : class 'std::basic_string<_Elem,_Traits,_Ax>' needs to have dll-interface to be used by clients of class 'cocos2d::CCApplication'
                 with
                 [
                     _Elem=char,
                     _Traits=std::char_traits<char>,
                     _Ax=std::allocator<char>
                 ]
     1>d:\cocos2d-x-2.2.2\cocos2d-x-2.2.2\cocos2dx\platform\win32\ccapplication.h(66): warning C4251: 'cocos2d::CCApplication::m_startupScriptFilename' : class 'std::basic_string<_Elem,_Traits,_Ax>' needs to have dll-interface to be used by clients of class 'cocos2d::CCApplication'
                 with
                 [
                     _Elem=char,
                     _Traits=std::char_traits<char>,
                     _Ax=std::allocator<char>
                 ]
     1>d:\cocos2d-x-2.2.2\cocos2d-x-2.2.2\cocos2dx\support\user_default\ccuserdefault.h(121): warning C4251: 'cocos2d::CCUserDefault::m_sFilePath' : class 'std::basic_string<_Elem,_Traits,_Ax>' needs to have dll-interface to be used by clients of class 'cocos2d::CCUserDefault'
                 with
                 [
                     _Elem=char,
                     _Traits=std::char_traits<char>,
                     _Ax=std::allocator<char>
                 ]
     1>d:\cocos2d-x-2.2.2\cocos2d-x-2.2.2\cocos2dx\tilemap_parallax_nodes\cctmxobjectgroup.h(76): warning C4251: 'cocos2d::CCTMXObjectGroup::m_sGroupName' : class 'std::basic_string<_Elem,_Traits,_Ax>' needs to have dll-interface to be used by clients of class 'cocos2d::CCTMXObjectGroup'
                 with
                 [
                     _Elem=char,
                     _Traits=std::char_traits<char>,
                     _Ax=std::allocator<char>
                 ]
     1>d:\cocos2d-x-2.2.2\cocos2d-x-2.2.2\cocos2dx\tilemap_parallax_nodes\cctmxxmlparser.h(93): warning C4251: 'cocos2d::CCTMXLayerInfo::m_sName' : class 'std::basic_string<_Elem,_Traits,_Ax>' needs to have dll-interface to be used by clients of class 'cocos2d::CCTMXLayerInfo'
                 with
                 [
                     _Elem=char,
                     _Traits=std::char_traits<char>,
                     _Ax=std::allocator<char>
                 ]
     1>d:\cocos2d-x-2.2.2\cocos2d-x-2.2.2\cocos2dx\tilemap_parallax_nodes\cctmxxmlparser.h(120): warning C4251: 'cocos2d::CCTMXTilesetInfo::m_sName' : class 'std::basic_string<_Elem,_Traits,_Ax>' needs to have dll-interface to be used by clients of class 'cocos2d::CCTMXTilesetInfo'
                 with
                 [
                     _Elem=char,
                     _Traits=std::char_traits<char>,
                     _Ax=std::allocator<char>
                 ]
     1>d:\cocos2d-x-2.2.2\cocos2d-x-2.2.2\cocos2dx\tilemap_parallax_nodes\cctmxxmlparser.h(126): warning C4251: 'cocos2d::CCTMXTilesetInfo::m_sSourceImage' : class 'std::basic_string<_Elem,_Traits,_Ax>' needs to have dll-interface to be used by clients of class 'cocos2d::CCTMXTilesetInfo'
                 with
                 [
                     _Elem=char,
                     _Traits=std::char_traits<char>,
                     _Ax=std::allocator<char>
                 ]
     1>d:\cocos2d-x-2.2.2\cocos2d-x-2.2.2\cocos2dx\tilemap_parallax_nodes\cctmxxmlparser.h(225): warning C4251: 'cocos2d::CCTMXMapInfo::m_sTMXFileName' : class 'std::basic_string<_Elem,_Traits,_Ax>' needs to have dll-interface to be used by clients of class 'cocos2d::CCTMXMapInfo'
                 with
                 [
                     _Elem=char,
                     _Traits=std::char_traits<char>,
                     _Ax=std::allocator<char>
                 ]
     1>d:\cocos2d-x-2.2.2\cocos2d-x-2.2.2\cocos2dx\tilemap_parallax_nodes\cctmxxmlparser.h(227): warning C4251: 'cocos2d::CCTMXMapInfo::m_sResources' : class 'std::basic_string<_Elem,_Traits,_Ax>' needs to have dll-interface to be used by clients of class 'cocos2d::CCTMXMapInfo'
                 with
                 [
                     _Elem=char,
                     _Traits=std::char_traits<char>,
                     _Ax=std::allocator<char>
                 ]
     1>d:\cocos2d-x-2.2.2\cocos2d-x-2.2.2\cocos2dx\tilemap_parallax_nodes\cctmxxmlparser.h(229): warning C4251: 'cocos2d::CCTMXMapInfo::m_sCurrentString' : class 'std::basic_string<_Elem,_Traits,_Ax>' needs to have dll-interface to be used by clients of class 'cocos2d::CCTMXMapInfo'
                 with
                 [
                     _Elem=char,
                     _Traits=std::char_traits<char>,
                     _Ax=std::allocator<char>
                 ]
     1>d:\cocos2d-x-2.2.2\cocos2d-x-2.2.2\cocos2dx\tilemap_parallax_nodes\cctmxlayer.h(204): warning C4251: 'cocos2d::CCTMXLayer::m_sLayerName' : class 'std::basic_string<_Elem,_Traits,_Ax>' needs to have dll-interface to be used by clients of class 'cocos2d::CCTMXLayer'
                 with
                 [
                     _Elem=char,
                     _Traits=std::char_traits<char>,
                     _Ax=std::allocator<char>
                 ]
     1>d:\cocos2d-x-2.2.2\cocos2d-x-2.2.2\cocos2dx\support\component\cccomponent.h(68): warning C4251: 'cocos2d::CCComponent::m_strName' : class 'std::basic_string<_Elem,_Traits,_Ax>' needs to have dll-interface to be used by clients of class 'cocos2d::CCComponent'
                 with
                 [
                     _Elem=char,
                     _Traits=std::char_traits<char>,
                     _Ax=std::allocator<char>
                 ]
     1>d:\cocos2d-x-2.2.2\mini_hammer\mini_hammer\graph.h(72): warning C4018: '<' : signed/unsigned mismatch
     1>d:\cocos2d-x-2.2.2\mini_hammer\mini_hammer\graph.h(77): warning C4018: '<' : signed/unsigned mismatch
     1>d:\cocos2d-x-2.2.2\mini_hammer\mini_hammer\graph.h(235): warning C4018: '<' : signed/unsigned mismatch
     1>d:\cocos2d-x-2.2.2\mini_hammer\mini_hammer\graph.h(235): warning C4018: '<' : signed/unsigned mismatch
     1>d:\cocos2d-x-2.2.2\mini_hammer\mini_hammer\graph.h(359): warning C4018: '<' : signed/unsigned mismatch
       ResourceCompile:
         All outputs are up-to-date.
       ManifestResourceCompile:
         All outputs are up-to-date.
       Link:
         C:\Program Files (x86)\Microsoft Visual Studio 10.0\VC\bin\link.exe /ERRORREPORT:PROMPT /OUT:"D:\cocos2d-x-2.2.2\mini_hammer\Debug\mini_hammer.exe" /INCREMENTAL /NOLOGO /LIBPATH:"../../cocos2d-x-2.2.2/Debug.win32" Nafxcwd.lib Libcmtd.lib opengl32.lib glew32.lib libcocos2d.lib kernel32.lib user32.lib gdi32.lib winspool.lib comdlg32.lib advapi32.lib shell32.lib ole32.lib oleaut32.lib uuid.lib odbc32.lib odbccp32.lib /NODEFAULTLIB:Nafxcwd.lib /NODEFAULTLIB:Libcmtd.lib /MANIFEST /ManifestFile:"Debug\mini_hammer.exe.intermediate.manifest" /MANIFESTUAC:"level='asInvoker' uiAccess='false'" /DEBUG /PDB:"D:\cocos2d-x-2.2.2\mini_hammer\Debug\mini_hammer.pdb" /SUBSYSTEM:WINDOWS /TLBID:1 /DYNAMICBASE /NXCOMPAT /IMPLIB:"D:\cocos2d-x-2.2.2\mini_hammer\Debug\mini_hammer.lib" /MACHINE:X86 Debug\mini_hammer.res
         Debug\mini_hammer.exe.embed.manifest.res
         Debug\AppDelegate.obj
         Debug\EditLayer.obj
         Debug\SimulationLayer.obj
         Debug\Vector2d.obj
         Debug\Goal.obj
         Debug\Goal_Composite.obj
         Debug\Goal_Explore.obj
         Debug\Goal_FollowPath.obj
         Debug\Goal_SeekToPosition.obj
         Debug\Goal_Think.obj
         Debug\Goods.obj
         Debug\Projectile.obj
         Debug\Projectile_Rocket.obj
         Debug\Weapon.obj
         Debug\WeaponSystem.obj
         Debug\BaseEntity.obj
         Debug\GameWorld.obj
         Debug\MovingEntity.obj
         Debug\SteeringBehaviors.obj
         Debug\Vehicle.obj
         Debug\GlobalVar.obj
         Debug\Cgdi.obj
         Debug\Regulator.obj
         Debug\TriggerSystem.obj
         Debug\Trigger_HealthGiver.obj
         Debug\Trigger_WeaponGiver.obj
         Debug\AIDialog.obj
         Debug\Graph.obj
         Debug\GraphAlgorithms.obj
         Debug\GraphEdge.obj
         Debug\GraphNode.obj
         Debug\MainFrm.obj
         Debug\mini_hammer.obj
         Debug\mini_hammerDoc.obj
         Debug\mini_hammerView.obj
         Debug\Pathfinder.obj
         Debug\ProjectileDialog.obj
         Debug\stdafx.obj
         Debug\ValueSetDialog.obj
         Debug\VehicleDialog.obj
         Debug\WeaponDialog.obj
       Manifest:
         C:\Program Files (x86)\Microsoft SDKs\Windows\v7.0A\bin\mt.exe /nologo /verbose /out:"Debug\mini_hammer.exe.embed.manifest" /manifest Debug\mini_hammer.exe.intermediate.manifest
         All outputs are up-to-date.
       LinkEmbedManifest:
         All outputs are up-to-date.
         mini_hammer.vcxproj -> D:\cocos2d-x-2.2.2\mini_hammer\Debug\mini_hammer.exe
       FinalizeBuildStatus:
         Deleting file "Debug\mini_hammer.unsuccessfulbuild".
         Touching "Debug\mini_hammer.lastbuildstate".
     1>Done Building Project "D:\cocos2d-x-2.2.2\mini_hammer\mini_hammer\mini_hammer.vcxproj" (build target(s)).

Build succeeded.

Time Elapsed 00:00:02.26
