D:\COCOS2D-X-2.2.2\MINI_HAMMER\DEBUG\MINI_HAMMER.EXE
D:\COCOS2D-X-2.2.2\MINI_HAMMER\DEBUG\MINI_HAMMER.ILK
D:\COCOS2D-X-2.2.2\MINI_HAMMER\DEBUG\MINI_HAMMER.PDB
D:\COCOS2D-X-2.2.2\MINI_HAMMER\MINI_HAMMER\DEBUG\AIDIALOG.OBJ
D:\COCOS2D-X-2.2.2\MINI_HAMMER\MINI_HAMMER\DEBUG\APPDELEGATE.OBJ
D:\COCOS2D-X-2.2.2\MINI_HAMMER\MINI_HAMMER\DEBUG\BASEENTITY.OBJ
D:\COCOS2D-X-2.2.2\MINI_HAMMER\MINI_HAMMER\DEBUG\CGDI.OBJ
D:\cocos2d-x-2.2.2\mini_hammer\mini_hammer\Debug\cl.command.1.tlog
D:\cocos2d-x-2.2.2\mini_hammer\mini_hammer\Debug\CL.read.1.tlog
D:\cocos2d-x-2.2.2\mini_hammer\mini_hammer\Debug\CL.write.1.tlog
D:\COCOS2D-X-2.2.2\MINI_HAMMER\MINI_HAMMER\DEBUG\EDITLAYER.OBJ
D:\COCOS2D-X-2.2.2\MINI_HAMMER\MINI_HAMMER\DEBUG\GAMEWORLD.OBJ
D:\COCOS2D-X-2.2.2\MINI_HAMMER\MINI_HAMMER\DEBUG\GLOBALVAR.OBJ
D:\COCOS2D-X-2.2.2\MINI_HAMMER\MINI_HAMMER\DEBUG\GOAL.OBJ
D:\COCOS2D-X-2.2.2\MINI_HAMMER\MINI_HAMMER\DEBUG\GOAL_COMPOSITE.OBJ
D:\COCOS2D-X-2.2.2\MINI_HAMMER\MINI_HAMMER\DEBUG\GOAL_SEEKTOPOSITION.OBJ
D:\COCOS2D-X-2.2.2\MINI_HAMMER\MINI_HAMMER\DEBUG\GOAL_THINK.OBJ
D:\COCOS2D-X-2.2.2\MINI_HAMMER\MINI_HAMMER\DEBUG\GOODS.OBJ
D:\COCOS2D-X-2.2.2\MINI_HAMMER\MINI_HAMMER\DEBUG\GRAPH.OBJ
D:\COCOS2D-X-2.2.2\MINI_HAMMER\MINI_HAMMER\DEBUG\GRAPHALGORITHMS.OBJ
D:\COCOS2D-X-2.2.2\MINI_HAMMER\MINI_HAMMER\DEBUG\GRAPHEDGE.OBJ
D:\COCOS2D-X-2.2.2\MINI_HAMMER\MINI_HAMMER\DEBUG\GRAPHNODE.OBJ
D:\cocos2d-x-2.2.2\mini_hammer\mini_hammer\Debug\link.10136.read.1.tlog
D:\cocos2d-x-2.2.2\mini_hammer\mini_hammer\Debug\link.10136.write.1.tlog
D:\cocos2d-x-2.2.2\mini_hammer\mini_hammer\Debug\link.10136-cvtres.read.1.tlog
D:\cocos2d-x-2.2.2\mini_hammer\mini_hammer\Debug\link.10136-cvtres.write.1.tlog
D:\cocos2d-x-2.2.2\mini_hammer\mini_hammer\Debug\link.10156.read.1.tlog
D:\cocos2d-x-2.2.2\mini_hammer\mini_hammer\Debug\link.10156.write.1.tlog
D:\cocos2d-x-2.2.2\mini_hammer\mini_hammer\Debug\link.10156-cvtres.read.1.tlog
D:\cocos2d-x-2.2.2\mini_hammer\mini_hammer\Debug\link.10156-cvtres.write.1.tlog
D:\cocos2d-x-2.2.2\mini_hammer\mini_hammer\Debug\link.10372.read.1.tlog
D:\cocos2d-x-2.2.2\mini_hammer\mini_hammer\Debug\link.10372.write.1.tlog
D:\cocos2d-x-2.2.2\mini_hammer\mini_hammer\Debug\link.10372-cvtres.read.1.tlog
D:\cocos2d-x-2.2.2\mini_hammer\mini_hammer\Debug\link.10372-cvtres.write.1.tlog
D:\cocos2d-x-2.2.2\mini_hammer\mini_hammer\Debug\link.10660.read.1.tlog
D:\cocos2d-x-2.2.2\mini_hammer\mini_hammer\Debug\link.10660.write.1.tlog
D:\cocos2d-x-2.2.2\mini_hammer\mini_hammer\Debug\link.10660-cvtres.read.1.tlog
D:\cocos2d-x-2.2.2\mini_hammer\mini_hammer\Debug\link.10660-cvtres.write.1.tlog
D:\cocos2d-x-2.2.2\mini_hammer\mini_hammer\Debug\link.10848.read.1.tlog
D:\cocos2d-x-2.2.2\mini_hammer\mini_hammer\Debug\link.10848.write.1.tlog
D:\cocos2d-x-2.2.2\mini_hammer\mini_hammer\Debug\link.10848-cvtres.read.1.tlog
D:\cocos2d-x-2.2.2\mini_hammer\mini_hammer\Debug\link.10848-cvtres.write.1.tlog
D:\cocos2d-x-2.2.2\mini_hammer\mini_hammer\Debug\link.11232.read.1.tlog
D:\cocos2d-x-2.2.2\mini_hammer\mini_hammer\Debug\link.11232.write.1.tlog
D:\cocos2d-x-2.2.2\mini_hammer\mini_hammer\Debug\link.11232-cvtres.read.1.tlog
D:\cocos2d-x-2.2.2\mini_hammer\mini_hammer\Debug\link.11232-cvtres.write.1.tlog
D:\cocos2d-x-2.2.2\mini_hammer\mini_hammer\Debug\link.11368.read.1.tlog
D:\cocos2d-x-2.2.2\mini_hammer\mini_hammer\Debug\link.11368.write.1.tlog
D:\cocos2d-x-2.2.2\mini_hammer\mini_hammer\Debug\link.11368-cvtres.read.1.tlog
D:\cocos2d-x-2.2.2\mini_hammer\mini_hammer\Debug\link.11368-cvtres.write.1.tlog
D:\cocos2d-x-2.2.2\mini_hammer\mini_hammer\Debug\link.11484.read.1.tlog
D:\cocos2d-x-2.2.2\mini_hammer\mini_hammer\Debug\link.11484.write.1.tlog
D:\cocos2d-x-2.2.2\mini_hammer\mini_hammer\Debug\link.11484-cvtres.read.1.tlog
D:\cocos2d-x-2.2.2\mini_hammer\mini_hammer\Debug\link.11484-cvtres.write.1.tlog
D:\cocos2d-x-2.2.2\mini_hammer\mini_hammer\Debug\link.11520.read.1.tlog
D:\cocos2d-x-2.2.2\mini_hammer\mini_hammer\Debug\link.11520.write.1.tlog
D:\cocos2d-x-2.2.2\mini_hammer\mini_hammer\Debug\link.11520-cvtres.read.1.tlog
D:\cocos2d-x-2.2.2\mini_hammer\mini_hammer\Debug\link.11520-cvtres.write.1.tlog
D:\cocos2d-x-2.2.2\mini_hammer\mini_hammer\Debug\link.11856.read.1.tlog
D:\cocos2d-x-2.2.2\mini_hammer\mini_hammer\Debug\link.11856.write.1.tlog
D:\cocos2d-x-2.2.2\mini_hammer\mini_hammer\Debug\link.11856-cvtres.read.1.tlog
D:\cocos2d-x-2.2.2\mini_hammer\mini_hammer\Debug\link.11856-cvtres.write.1.tlog
D:\cocos2d-x-2.2.2\mini_hammer\mini_hammer\Debug\link.11872.read.1.tlog
D:\cocos2d-x-2.2.2\mini_hammer\mini_hammer\Debug\link.11872.write.1.tlog
D:\cocos2d-x-2.2.2\mini_hammer\mini_hammer\Debug\link.11872-cvtres.read.1.tlog
D:\cocos2d-x-2.2.2\mini_hammer\mini_hammer\Debug\link.11872-cvtres.write.1.tlog
D:\cocos2d-x-2.2.2\mini_hammer\mini_hammer\Debug\link.12060.read.1.tlog
D:\cocos2d-x-2.2.2\mini_hammer\mini_hammer\Debug\link.12060.write.1.tlog
D:\cocos2d-x-2.2.2\mini_hammer\mini_hammer\Debug\link.12060-cvtres.read.1.tlog
D:\cocos2d-x-2.2.2\mini_hammer\mini_hammer\Debug\link.12060-cvtres.write.1.tlog
D:\cocos2d-x-2.2.2\mini_hammer\mini_hammer\Debug\link.12076.read.1.tlog
D:\cocos2d-x-2.2.2\mini_hammer\mini_hammer\Debug\link.12076.write.1.tlog
D:\cocos2d-x-2.2.2\mini_hammer\mini_hammer\Debug\link.12076-cvtres.read.1.tlog
D:\cocos2d-x-2.2.2\mini_hammer\mini_hammer\Debug\link.12076-cvtres.write.1.tlog
D:\cocos2d-x-2.2.2\mini_hammer\mini_hammer\Debug\link.12264.read.1.tlog
D:\cocos2d-x-2.2.2\mini_hammer\mini_hammer\Debug\link.12264.write.1.tlog
D:\cocos2d-x-2.2.2\mini_hammer\mini_hammer\Debug\link.12264-cvtres.read.1.tlog
D:\cocos2d-x-2.2.2\mini_hammer\mini_hammer\Debug\link.12264-cvtres.write.1.tlog
D:\cocos2d-x-2.2.2\mini_hammer\mini_hammer\Debug\link.1244.read.1.tlog
D:\cocos2d-x-2.2.2\mini_hammer\mini_hammer\Debug\link.1244.write.1.tlog
D:\cocos2d-x-2.2.2\mini_hammer\mini_hammer\Debug\link.1244-cvtres.read.1.tlog
D:\cocos2d-x-2.2.2\mini_hammer\mini_hammer\Debug\link.1244-cvtres.write.1.tlog
D:\cocos2d-x-2.2.2\mini_hammer\mini_hammer\Debug\link.1268.read.1.tlog
D:\cocos2d-x-2.2.2\mini_hammer\mini_hammer\Debug\link.1268.write.1.tlog
D:\cocos2d-x-2.2.2\mini_hammer\mini_hammer\Debug\link.1268-cvtres.read.1.tlog
D:\cocos2d-x-2.2.2\mini_hammer\mini_hammer\Debug\link.1268-cvtres.write.1.tlog
D:\cocos2d-x-2.2.2\mini_hammer\mini_hammer\Debug\link.1328.read.1.tlog
D:\cocos2d-x-2.2.2\mini_hammer\mini_hammer\Debug\link.1328.write.1.tlog
D:\cocos2d-x-2.2.2\mini_hammer\mini_hammer\Debug\link.1328-cvtres.read.1.tlog
D:\cocos2d-x-2.2.2\mini_hammer\mini_hammer\Debug\link.1328-cvtres.write.1.tlog
D:\cocos2d-x-2.2.2\mini_hammer\mini_hammer\Debug\link.1356.read.1.tlog
D:\cocos2d-x-2.2.2\mini_hammer\mini_hammer\Debug\link.1356.write.1.tlog
D:\cocos2d-x-2.2.2\mini_hammer\mini_hammer\Debug\link.1356-cvtres.read.1.tlog
D:\cocos2d-x-2.2.2\mini_hammer\mini_hammer\Debug\link.1356-cvtres.write.1.tlog
D:\cocos2d-x-2.2.2\mini_hammer\mini_hammer\Debug\link.1836.read.1.tlog
D:\cocos2d-x-2.2.2\mini_hammer\mini_hammer\Debug\link.1836.write.1.tlog
D:\cocos2d-x-2.2.2\mini_hammer\mini_hammer\Debug\link.1836-cvtres.read.1.tlog
D:\cocos2d-x-2.2.2\mini_hammer\mini_hammer\Debug\link.1836-cvtres.write.1.tlog
D:\cocos2d-x-2.2.2\mini_hammer\mini_hammer\Debug\link.284.read.1.tlog
D:\cocos2d-x-2.2.2\mini_hammer\mini_hammer\Debug\link.284.write.1.tlog
D:\cocos2d-x-2.2.2\mini_hammer\mini_hammer\Debug\link.284-cvtres.read.1.tlog
D:\cocos2d-x-2.2.2\mini_hammer\mini_hammer\Debug\link.284-cvtres.write.1.tlog
D:\cocos2d-x-2.2.2\mini_hammer\mini_hammer\Debug\link.3772.read.1.tlog
D:\cocos2d-x-2.2.2\mini_hammer\mini_hammer\Debug\link.3772.write.1.tlog
D:\cocos2d-x-2.2.2\mini_hammer\mini_hammer\Debug\link.3772-cvtres.read.1.tlog
D:\cocos2d-x-2.2.2\mini_hammer\mini_hammer\Debug\link.3772-cvtres.write.1.tlog
D:\cocos2d-x-2.2.2\mini_hammer\mini_hammer\Debug\link.4028.read.1.tlog
D:\cocos2d-x-2.2.2\mini_hammer\mini_hammer\Debug\link.4028.write.1.tlog
D:\cocos2d-x-2.2.2\mini_hammer\mini_hammer\Debug\link.4028-cvtres.read.1.tlog
D:\cocos2d-x-2.2.2\mini_hammer\mini_hammer\Debug\link.4028-cvtres.write.1.tlog
D:\cocos2d-x-2.2.2\mini_hammer\mini_hammer\Debug\link.4144.read.1.tlog
D:\cocos2d-x-2.2.2\mini_hammer\mini_hammer\Debug\link.4144.write.1.tlog
D:\cocos2d-x-2.2.2\mini_hammer\mini_hammer\Debug\link.4144-cvtres.read.1.tlog
D:\cocos2d-x-2.2.2\mini_hammer\mini_hammer\Debug\link.4144-cvtres.write.1.tlog
D:\cocos2d-x-2.2.2\mini_hammer\mini_hammer\Debug\link.4252.read.1.tlog
D:\cocos2d-x-2.2.2\mini_hammer\mini_hammer\Debug\link.4252.write.1.tlog
D:\cocos2d-x-2.2.2\mini_hammer\mini_hammer\Debug\link.4252-cvtres.read.1.tlog
D:\cocos2d-x-2.2.2\mini_hammer\mini_hammer\Debug\link.4252-cvtres.write.1.tlog
D:\cocos2d-x-2.2.2\mini_hammer\mini_hammer\Debug\link.4288.read.1.tlog
D:\cocos2d-x-2.2.2\mini_hammer\mini_hammer\Debug\link.4288.write.1.tlog
D:\cocos2d-x-2.2.2\mini_hammer\mini_hammer\Debug\link.4288-cvtres.read.1.tlog
D:\cocos2d-x-2.2.2\mini_hammer\mini_hammer\Debug\link.4288-cvtres.write.1.tlog
D:\cocos2d-x-2.2.2\mini_hammer\mini_hammer\Debug\link.4292.read.1.tlog
D:\cocos2d-x-2.2.2\mini_hammer\mini_hammer\Debug\link.4292.write.1.tlog
D:\cocos2d-x-2.2.2\mini_hammer\mini_hammer\Debug\link.4292-cvtres.read.1.tlog
D:\cocos2d-x-2.2.2\mini_hammer\mini_hammer\Debug\link.4292-cvtres.write.1.tlog
D:\cocos2d-x-2.2.2\mini_hammer\mini_hammer\Debug\link.4748.read.1.tlog
D:\cocos2d-x-2.2.2\mini_hammer\mini_hammer\Debug\link.4748.write.1.tlog
D:\cocos2d-x-2.2.2\mini_hammer\mini_hammer\Debug\link.4748-cvtres.read.1.tlog
D:\cocos2d-x-2.2.2\mini_hammer\mini_hammer\Debug\link.4748-cvtres.write.1.tlog
D:\cocos2d-x-2.2.2\mini_hammer\mini_hammer\Debug\link.4808.read.1.tlog
D:\cocos2d-x-2.2.2\mini_hammer\mini_hammer\Debug\link.4808.write.1.tlog
D:\cocos2d-x-2.2.2\mini_hammer\mini_hammer\Debug\link.4808-cvtres.read.1.tlog
D:\cocos2d-x-2.2.2\mini_hammer\mini_hammer\Debug\link.4808-cvtres.write.1.tlog
D:\cocos2d-x-2.2.2\mini_hammer\mini_hammer\Debug\link.4896.read.1.tlog
D:\cocos2d-x-2.2.2\mini_hammer\mini_hammer\Debug\link.4896.write.1.tlog
D:\cocos2d-x-2.2.2\mini_hammer\mini_hammer\Debug\link.4896-cvtres.read.1.tlog
D:\cocos2d-x-2.2.2\mini_hammer\mini_hammer\Debug\link.4896-cvtres.write.1.tlog
D:\cocos2d-x-2.2.2\mini_hammer\mini_hammer\Debug\link.5232.read.1.tlog
D:\cocos2d-x-2.2.2\mini_hammer\mini_hammer\Debug\link.5232.write.1.tlog
D:\cocos2d-x-2.2.2\mini_hammer\mini_hammer\Debug\link.5232-cvtres.read.1.tlog
D:\cocos2d-x-2.2.2\mini_hammer\mini_hammer\Debug\link.5232-cvtres.write.1.tlog
D:\cocos2d-x-2.2.2\mini_hammer\mini_hammer\Debug\link.5656.read.1.tlog
D:\cocos2d-x-2.2.2\mini_hammer\mini_hammer\Debug\link.5656.write.1.tlog
D:\cocos2d-x-2.2.2\mini_hammer\mini_hammer\Debug\link.5656-cvtres.read.1.tlog
D:\cocos2d-x-2.2.2\mini_hammer\mini_hammer\Debug\link.5656-cvtres.write.1.tlog
D:\cocos2d-x-2.2.2\mini_hammer\mini_hammer\Debug\link.5712.read.1.tlog
D:\cocos2d-x-2.2.2\mini_hammer\mini_hammer\Debug\link.5712.write.1.tlog
D:\cocos2d-x-2.2.2\mini_hammer\mini_hammer\Debug\link.5712-cvtres.read.1.tlog
D:\cocos2d-x-2.2.2\mini_hammer\mini_hammer\Debug\link.5712-cvtres.write.1.tlog
D:\cocos2d-x-2.2.2\mini_hammer\mini_hammer\Debug\link.6196.read.1.tlog
D:\cocos2d-x-2.2.2\mini_hammer\mini_hammer\Debug\link.6196.write.1.tlog
D:\cocos2d-x-2.2.2\mini_hammer\mini_hammer\Debug\link.6196-cvtres.read.1.tlog
D:\cocos2d-x-2.2.2\mini_hammer\mini_hammer\Debug\link.6196-cvtres.write.1.tlog
D:\cocos2d-x-2.2.2\mini_hammer\mini_hammer\Debug\link.6248.read.1.tlog
D:\cocos2d-x-2.2.2\mini_hammer\mini_hammer\Debug\link.6248.write.1.tlog
D:\cocos2d-x-2.2.2\mini_hammer\mini_hammer\Debug\link.6248-cvtres.read.1.tlog
D:\cocos2d-x-2.2.2\mini_hammer\mini_hammer\Debug\link.6248-cvtres.write.1.tlog
D:\cocos2d-x-2.2.2\mini_hammer\mini_hammer\Debug\link.6260.read.1.tlog
D:\cocos2d-x-2.2.2\mini_hammer\mini_hammer\Debug\link.6260.write.1.tlog
D:\cocos2d-x-2.2.2\mini_hammer\mini_hammer\Debug\link.6260-cvtres.read.1.tlog
D:\cocos2d-x-2.2.2\mini_hammer\mini_hammer\Debug\link.6260-cvtres.write.1.tlog
D:\cocos2d-x-2.2.2\mini_hammer\mini_hammer\Debug\link.6268.read.1.tlog
D:\cocos2d-x-2.2.2\mini_hammer\mini_hammer\Debug\link.6268.write.1.tlog
D:\cocos2d-x-2.2.2\mini_hammer\mini_hammer\Debug\link.6268-cvtres.read.1.tlog
D:\cocos2d-x-2.2.2\mini_hammer\mini_hammer\Debug\link.6268-cvtres.write.1.tlog
D:\cocos2d-x-2.2.2\mini_hammer\mini_hammer\Debug\link.6584.read.1.tlog
D:\cocos2d-x-2.2.2\mini_hammer\mini_hammer\Debug\link.6584.write.1.tlog
D:\cocos2d-x-2.2.2\mini_hammer\mini_hammer\Debug\link.6584-cvtres.read.1.tlog
D:\cocos2d-x-2.2.2\mini_hammer\mini_hammer\Debug\link.6584-cvtres.write.1.tlog
D:\cocos2d-x-2.2.2\mini_hammer\mini_hammer\Debug\link.6644.read.1.tlog
D:\cocos2d-x-2.2.2\mini_hammer\mini_hammer\Debug\link.6644.write.1.tlog
D:\cocos2d-x-2.2.2\mini_hammer\mini_hammer\Debug\link.6644-cvtres.read.1.tlog
D:\cocos2d-x-2.2.2\mini_hammer\mini_hammer\Debug\link.6644-cvtres.write.1.tlog
D:\cocos2d-x-2.2.2\mini_hammer\mini_hammer\Debug\link.6804.read.1.tlog
D:\cocos2d-x-2.2.2\mini_hammer\mini_hammer\Debug\link.6804.write.1.tlog
D:\cocos2d-x-2.2.2\mini_hammer\mini_hammer\Debug\link.6804-cvtres.read.1.tlog
D:\cocos2d-x-2.2.2\mini_hammer\mini_hammer\Debug\link.6804-cvtres.write.1.tlog
D:\cocos2d-x-2.2.2\mini_hammer\mini_hammer\Debug\link.6908.read.1.tlog
D:\cocos2d-x-2.2.2\mini_hammer\mini_hammer\Debug\link.6908.write.1.tlog
D:\cocos2d-x-2.2.2\mini_hammer\mini_hammer\Debug\link.6908-cvtres.read.1.tlog
D:\cocos2d-x-2.2.2\mini_hammer\mini_hammer\Debug\link.6908-cvtres.write.1.tlog
D:\cocos2d-x-2.2.2\mini_hammer\mini_hammer\Debug\link.7204.read.1.tlog
D:\cocos2d-x-2.2.2\mini_hammer\mini_hammer\Debug\link.7204.write.1.tlog
D:\cocos2d-x-2.2.2\mini_hammer\mini_hammer\Debug\link.7204-cvtres.read.1.tlog
D:\cocos2d-x-2.2.2\mini_hammer\mini_hammer\Debug\link.7204-cvtres.write.1.tlog
D:\cocos2d-x-2.2.2\mini_hammer\mini_hammer\Debug\link.7308.read.1.tlog
D:\cocos2d-x-2.2.2\mini_hammer\mini_hammer\Debug\link.7308.write.1.tlog
D:\cocos2d-x-2.2.2\mini_hammer\mini_hammer\Debug\link.7308-cvtres.read.1.tlog
D:\cocos2d-x-2.2.2\mini_hammer\mini_hammer\Debug\link.7308-cvtres.write.1.tlog
D:\cocos2d-x-2.2.2\mini_hammer\mini_hammer\Debug\link.7396.read.1.tlog
D:\cocos2d-x-2.2.2\mini_hammer\mini_hammer\Debug\link.7396.write.1.tlog
D:\cocos2d-x-2.2.2\mini_hammer\mini_hammer\Debug\link.7396-cvtres.read.1.tlog
D:\cocos2d-x-2.2.2\mini_hammer\mini_hammer\Debug\link.7396-cvtres.write.1.tlog
D:\cocos2d-x-2.2.2\mini_hammer\mini_hammer\Debug\link.8052.read.1.tlog
D:\cocos2d-x-2.2.2\mini_hammer\mini_hammer\Debug\link.8052.write.1.tlog
D:\cocos2d-x-2.2.2\mini_hammer\mini_hammer\Debug\link.8052-cvtres.read.1.tlog
D:\cocos2d-x-2.2.2\mini_hammer\mini_hammer\Debug\link.8052-cvtres.write.1.tlog
D:\cocos2d-x-2.2.2\mini_hammer\mini_hammer\Debug\link.8372.read.1.tlog
D:\cocos2d-x-2.2.2\mini_hammer\mini_hammer\Debug\link.8372.write.1.tlog
D:\cocos2d-x-2.2.2\mini_hammer\mini_hammer\Debug\link.8372-cvtres.read.1.tlog
D:\cocos2d-x-2.2.2\mini_hammer\mini_hammer\Debug\link.8372-cvtres.write.1.tlog
D:\cocos2d-x-2.2.2\mini_hammer\mini_hammer\Debug\link.8732.read.1.tlog
D:\cocos2d-x-2.2.2\mini_hammer\mini_hammer\Debug\link.8732.write.1.tlog
D:\cocos2d-x-2.2.2\mini_hammer\mini_hammer\Debug\link.8732-cvtres.read.1.tlog
D:\cocos2d-x-2.2.2\mini_hammer\mini_hammer\Debug\link.8732-cvtres.write.1.tlog
D:\cocos2d-x-2.2.2\mini_hammer\mini_hammer\Debug\link.8888.read.1.tlog
D:\cocos2d-x-2.2.2\mini_hammer\mini_hammer\Debug\link.8888.write.1.tlog
D:\cocos2d-x-2.2.2\mini_hammer\mini_hammer\Debug\link.8888-cvtres.read.1.tlog
D:\cocos2d-x-2.2.2\mini_hammer\mini_hammer\Debug\link.8888-cvtres.write.1.tlog
D:\cocos2d-x-2.2.2\mini_hammer\mini_hammer\Debug\link.8996.read.1.tlog
D:\cocos2d-x-2.2.2\mini_hammer\mini_hammer\Debug\link.8996.write.1.tlog
D:\cocos2d-x-2.2.2\mini_hammer\mini_hammer\Debug\link.8996-cvtres.read.1.tlog
D:\cocos2d-x-2.2.2\mini_hammer\mini_hammer\Debug\link.8996-cvtres.write.1.tlog
D:\cocos2d-x-2.2.2\mini_hammer\mini_hammer\Debug\link.9204.read.1.tlog
D:\cocos2d-x-2.2.2\mini_hammer\mini_hammer\Debug\link.9204.write.1.tlog
D:\cocos2d-x-2.2.2\mini_hammer\mini_hammer\Debug\link.9204-cvtres.read.1.tlog
D:\cocos2d-x-2.2.2\mini_hammer\mini_hammer\Debug\link.9204-cvtres.write.1.tlog
D:\cocos2d-x-2.2.2\mini_hammer\mini_hammer\Debug\link.9464.read.1.tlog
D:\cocos2d-x-2.2.2\mini_hammer\mini_hammer\Debug\link.9464.write.1.tlog
D:\cocos2d-x-2.2.2\mini_hammer\mini_hammer\Debug\link.9464-cvtres.read.1.tlog
D:\cocos2d-x-2.2.2\mini_hammer\mini_hammer\Debug\link.9464-cvtres.write.1.tlog
D:\cocos2d-x-2.2.2\mini_hammer\mini_hammer\Debug\link.9580.read.1.tlog
D:\cocos2d-x-2.2.2\mini_hammer\mini_hammer\Debug\link.9580.write.1.tlog
D:\cocos2d-x-2.2.2\mini_hammer\mini_hammer\Debug\link.9580-cvtres.read.1.tlog
D:\cocos2d-x-2.2.2\mini_hammer\mini_hammer\Debug\link.9580-cvtres.write.1.tlog
D:\cocos2d-x-2.2.2\mini_hammer\mini_hammer\Debug\link.9652.read.1.tlog
D:\cocos2d-x-2.2.2\mini_hammer\mini_hammer\Debug\link.9652.write.1.tlog
D:\cocos2d-x-2.2.2\mini_hammer\mini_hammer\Debug\link.9652-cvtres.read.1.tlog
D:\cocos2d-x-2.2.2\mini_hammer\mini_hammer\Debug\link.9652-cvtres.write.1.tlog
D:\cocos2d-x-2.2.2\mini_hammer\mini_hammer\Debug\link.9776.read.1.tlog
D:\cocos2d-x-2.2.2\mini_hammer\mini_hammer\Debug\link.9776.write.1.tlog
D:\cocos2d-x-2.2.2\mini_hammer\mini_hammer\Debug\link.9776-cvtres.read.1.tlog
D:\cocos2d-x-2.2.2\mini_hammer\mini_hammer\Debug\link.9776-cvtres.write.1.tlog
D:\cocos2d-x-2.2.2\mini_hammer\mini_hammer\Debug\link.command.1.tlog
D:\cocos2d-x-2.2.2\mini_hammer\mini_hammer\Debug\link.read.1.tlog
D:\cocos2d-x-2.2.2\mini_hammer\mini_hammer\Debug\link.write.1.tlog
D:\cocos2d-x-2.2.2\mini_hammer\mini_hammer\Debug\link-cvtres.read.1.tlog
D:\cocos2d-x-2.2.2\mini_hammer\mini_hammer\Debug\link-cvtres.write.1.tlog
D:\COCOS2D-X-2.2.2\MINI_HAMMER\MINI_HAMMER\DEBUG\MAINFRM.OBJ
D:\COCOS2D-X-2.2.2\MINI_HAMMER\MINI_HAMMER\DEBUG\MINI_HAMMER.EXE.EMBED.MANIFEST
D:\COCOS2D-X-2.2.2\MINI_HAMMER\MINI_HAMMER\DEBUG\MINI_HAMMER.EXE.EMBED.MANIFEST.RES
D:\COCOS2D-X-2.2.2\MINI_HAMMER\MINI_HAMMER\DEBUG\MINI_HAMMER.EXE.INTERMEDIATE.MANIFEST
D:\COCOS2D-X-2.2.2\MINI_HAMMER\MINI_HAMMER\DEBUG\MINI_HAMMER.OBJ
D:\COCOS2D-X-2.2.2\MINI_HAMMER\MINI_HAMMER\DEBUG\MINI_HAMMER.PCH
D:\COCOS2D-X-2.2.2\MINI_HAMMER\MINI_HAMMER\DEBUG\MINI_HAMMER.RES
D:\cocos2d-x-2.2.2\mini_hammer\mini_hammer\Debug\mini_hammer.vcxprojResolveAssemblyReference.cache
D:\cocos2d-x-2.2.2\mini_hammer\mini_hammer\Debug\mini_hammer.write.1.tlog
D:\cocos2d-x-2.2.2\mini_hammer\mini_hammer\Debug\mini_hammer_manifest.rc
D:\COCOS2D-X-2.2.2\MINI_HAMMER\MINI_HAMMER\DEBUG\MINI_HAMMERDOC.OBJ
D:\COCOS2D-X-2.2.2\MINI_HAMMER\MINI_HAMMER\DEBUG\MINI_HAMMERVIEW.OBJ
D:\COCOS2D-X-2.2.2\MINI_HAMMER\MINI_HAMMER\DEBUG\MOVINGENTITY.OBJ
D:\cocos2d-x-2.2.2\mini_hammer\mini_hammer\Debug\mt.command.1.tlog
D:\cocos2d-x-2.2.2\mini_hammer\mini_hammer\Debug\mt.read.1.tlog
D:\cocos2d-x-2.2.2\mini_hammer\mini_hammer\Debug\mt.write.1.tlog
D:\COCOS2D-X-2.2.2\MINI_HAMMER\MINI_HAMMER\DEBUG\PATHFINDER.OBJ
D:\COCOS2D-X-2.2.2\MINI_HAMMER\MINI_HAMMER\DEBUG\PROJECTILE.OBJ
D:\COCOS2D-X-2.2.2\MINI_HAMMER\MINI_HAMMER\DEBUG\PROJECTILE_ROCKET.OBJ
D:\COCOS2D-X-2.2.2\MINI_HAMMER\MINI_HAMMER\DEBUG\PROJECTILEDIALOG.OBJ
D:\cocos2d-x-2.2.2\mini_hammer\mini_hammer\Debug\rc.command.1.tlog
D:\cocos2d-x-2.2.2\mini_hammer\mini_hammer\Debug\rc.read.1.tlog
D:\cocos2d-x-2.2.2\mini_hammer\mini_hammer\Debug\rc.write.1.tlog
D:\COCOS2D-X-2.2.2\MINI_HAMMER\MINI_HAMMER\DEBUG\REGULATOR.OBJ
D:\COCOS2D-X-2.2.2\MINI_HAMMER\MINI_HAMMER\DEBUG\SIMULATIONLAYER.OBJ
D:\COCOS2D-X-2.2.2\MINI_HAMMER\MINI_HAMMER\DEBUG\STDAFX.OBJ
D:\COCOS2D-X-2.2.2\MINI_HAMMER\MINI_HAMMER\DEBUG\STEERINGBEHAVIORS.OBJ
D:\COCOS2D-X-2.2.2\MINI_HAMMER\MINI_HAMMER\DEBUG\TRIGGER_HEALTHGIVER.OBJ
D:\COCOS2D-X-2.2.2\MINI_HAMMER\MINI_HAMMER\DEBUG\TRIGGER_WEAPONGIVER.OBJ
D:\COCOS2D-X-2.2.2\MINI_HAMMER\MINI_HAMMER\DEBUG\TRIGGERSYSTEM.OBJ
D:\COCOS2D-X-2.2.2\MINI_HAMMER\MINI_HAMMER\DEBUG\VALUESETDIALOG.OBJ
D:\cocos2d-x-2.2.2\mini_hammer\mini_hammer\Debug\vc100.idb
D:\COCOS2D-X-2.2.2\MINI_HAMMER\MINI_HAMMER\DEBUG\VC100.PDB
D:\COCOS2D-X-2.2.2\MINI_HAMMER\MINI_HAMMER\DEBUG\VECTOR2D.OBJ
D:\COCOS2D-X-2.2.2\MINI_HAMMER\MINI_HAMMER\DEBUG\VEHICLE.OBJ
D:\COCOS2D-X-2.2.2\MINI_HAMMER\MINI_HAMMER\DEBUG\VEHICLEDIALOG.OBJ
D:\COCOS2D-X-2.2.2\MINI_HAMMER\MINI_HAMMER\DEBUG\WEAPON.OBJ
D:\COCOS2D-X-2.2.2\MINI_HAMMER\MINI_HAMMER\DEBUG\WEAPONDIALOG.OBJ
D:\COCOS2D-X-2.2.2\MINI_HAMMER\MINI_HAMMER\DEBUG\WEAPONSYSTEM.OBJ
